Determining if the pthread_create exist failed with the following output:
Change Dir: /home/xyw/BUAA/Graduation/build/CMakeFiles/CMakeTmp

Run Build Command:"/usr/bin/make" "cmTC_6c220/fast"
/usr/bin/make -f CMakeFiles/cmTC_6c220.dir/build.make CMakeFiles/cmTC_6c220.dir/build
make[1]: Entering directory '/home/xyw/BUAA/Graduation/build/CMakeFiles/CMakeTmp'
Building C object CMakeFiles/cmTC_6c220.dir/CheckSymbolExists.c.o
/usr/bin/cc     -o CMakeFiles/cmTC_6c220.dir/CheckSymbolExists.c.o   -c /home/xyw/BUAA/Graduation/build/CMakeFiles/CMakeTmp/CheckSymbolExists.c
Linking C executable cmTC_6c220
/usr/bin/cmake -E cmake_link_script CMakeFiles/cmTC_6c220.dir/link.txt --verbose=1
/usr/bin/cc       CMakeFiles/cmTC_6c220.dir/CheckSymbolExists.c.o  -o cmTC_6c220 -rdynamic 
CMakeFiles/cmTC_6c220.dir/CheckSymbolExists.c.o: In function `main':
CheckSymbolExists.c:(.text+0x16): undefined reference to `pthread_create'
collect2: error: ld returned 1 exit status
CMakeFiles/cmTC_6c220.dir/build.make:97: recipe for target 'cmTC_6c220' failed
make[1]: *** [cmTC_6c220] Error 1
make[1]: Leaving directory '/home/xyw/BUAA/Graduation/build/CMakeFiles/CMakeTmp'
Makefile:126: recipe for target 'cmTC_6c220/fast' failed
make: *** [cmTC_6c220/fast] Error 2

File /home/xyw/BUAA/Graduation/build/CMakeFiles/CMakeTmp/CheckSymbolExists.c:
/* */
#include <pthread.h>

int main(int argc, char** argv)
{
  (void)argv;
#ifndef pthread_create
  return ((int*)(&pthread_create))[argc];
#else
  (void)argc;
  return 0;
#endif
}

Determining if the function pthread_create exists in the pthreads failed with the following output:
Change Dir: /home/xyw/BUAA/Graduation/build/CMakeFiles/CMakeTmp

Run Build Command:"/usr/bin/make" "cmTC_3deef/fast"
/usr/bin/make -f CMakeFiles/cmTC_3deef.dir/build.make CMakeFiles/cmTC_3deef.dir/build
make[1]: Entering directory '/home/xyw/BUAA/Graduation/build/CMakeFiles/CMakeTmp'
Building C object CMakeFiles/cmTC_3deef.dir/CheckFunctionExists.c.o
/usr/bin/cc    -DCHECK_FUNCTION_EXISTS=pthread_create   -o CMakeFiles/cmTC_3deef.dir/CheckFunctionExists.c.o   -c /usr/share/cmake-3.5/Modules/CheckFunctionExists.c
Linking C executable cmTC_3deef
/usr/bin/cmake -E cmake_link_script CMakeFiles/cmTC_3deef.dir/link.txt --verbose=1
/usr/bin/cc   -DCHECK_FUNCTION_EXISTS=pthread_create    CMakeFiles/cmTC_3deef.dir/CheckFunctionExists.c.o  -o cmTC_3deef -rdynamic -lpthreads 
/usr/bin/ld: cannot find -lpthreads
collect2: error: ld returned 1 exit status
CMakeFiles/cmTC_3deef.dir/build.make:97: recipe for target 'cmTC_3deef' failed
make[1]: *** [cmTC_3deef] Error 1
make[1]: Leaving directory '/home/xyw/BUAA/Graduation/build/CMakeFiles/CMakeTmp'
Makefile:126: recipe for target 'cmTC_3deef/fast' failed
make: *** [cmTC_3deef/fast] Error 2


